Build started 3/20/2016 10:37:02 PM.
     1>Project "C:\Users\Alex\Desktop\Intro to game programming\Game-Programming\gameprogramming\project_template\Windows\NYUCodebase\HW3\NYUCodebase.vcxproj" on node 2 (Build target(s)).
     1>ClCompile:
         C:\Program Files (x86)\Microsoft Visual Studio 12.0\VC\bin\CL.exe /c /IC:\SDL2\include /IC:\SDL2_image\include /IC:\glew\include /IC:\SDL2_mixer\include /ZI /nologo /W3 /WX- /sdl /Od /Oy- /D _WINDOWS /D _MBCS /D _MBCS /Gm /EHsc /RTC1 /MDd /GS /fp:precise /Zc:wchar_t /Zc:forScope /Fo"Debug\\" /Fd"Debug\vc120.pdb" /Gd /TP /analyze- /errorReport:prompt main.cpp
         main.cpp
     1>c:\users\alex\desktop\intro to game programming\game-programming\gameprogramming\project_template\windows\nyucodebase\hw3\main.cpp(58): warning C4244: 'initializing' : conversion from 'double' to 'float', possible loss of data
     1>c:\users\alex\desktop\intro to game programming\game-programming\gameprogramming\project_template\windows\nyucodebase\hw3\main.cpp(59): warning C4244: 'initializing' : conversion from 'double' to 'float', possible loss of data
     1>c:\users\alex\desktop\intro to game programming\game-programming\gameprogramming\project_template\windows\nyucodebase\hw3\main.cpp(92): warning C4244: '=' : conversion from 'int' to 'float', possible loss of data
     1>c:\users\alex\desktop\intro to game programming\game-programming\gameprogramming\project_template\windows\nyucodebase\hw3\main.cpp(93): warning C4244: '=' : conversion from 'int' to 'float', possible loss of data
     1>c:\users\alex\desktop\intro to game programming\game-programming\gameprogramming\project_template\windows\nyucodebase\hw3\main.cpp(97): warning C4244: '=' : conversion from 'int' to 'float', possible loss of data
     1>c:\users\alex\desktop\intro to game programming\game-programming\gameprogramming\project_template\windows\nyucodebase\hw3\main.cpp(98): warning C4244: '=' : conversion from 'int' to 'float', possible loss of data
     1>c:\users\alex\desktop\intro to game programming\game-programming\gameprogramming\project_template\windows\nyucodebase\hw3\main.cpp(102): warning C4244: '=' : conversion from 'int' to 'float', possible loss of data
     1>c:\users\alex\desktop\intro to game programming\game-programming\gameprogramming\project_template\windows\nyucodebase\hw3\main.cpp(103): warning C4244: '=' : conversion from 'int' to 'float', possible loss of data
     1>c:\users\alex\desktop\intro to game programming\game-programming\gameprogramming\project_template\windows\nyucodebase\hw3\main.cpp(107): warning C4244: '=' : conversion from 'int' to 'float', possible loss of data
     1>c:\users\alex\desktop\intro to game programming\game-programming\gameprogramming\project_template\windows\nyucodebase\hw3\main.cpp(108): warning C4244: '=' : conversion from 'int' to 'float', possible loss of data
     1>c:\users\alex\desktop\intro to game programming\game-programming\gameprogramming\project_template\windows\nyucodebase\hw3\main.cpp(112): warning C4244: '=' : conversion from 'int' to 'float', possible loss of data
     1>c:\users\alex\desktop\intro to game programming\game-programming\gameprogramming\project_template\windows\nyucodebase\hw3\main.cpp(113): warning C4244: '=' : conversion from 'int' to 'float', possible loss of data
     1>c:\users\alex\desktop\intro to game programming\game-programming\gameprogramming\project_template\windows\nyucodebase\hw3\main.cpp(138): warning C4244: 'initializing' : conversion from 'double' to 'float', possible loss of data
     1>c:\users\alex\desktop\intro to game programming\game-programming\gameprogramming\project_template\windows\nyucodebase\hw3\main.cpp(139): warning C4244: 'initializing' : conversion from 'double' to 'float', possible loss of data
       Link:
         C:\Program Files (x86)\Microsoft Visual Studio 12.0\VC\bin\link.exe /ERRORREPORT:PROMPT /OUT:"C:\Users\Alex\Desktop\Intro to game programming\Game-Programming\gameprogramming\project_template\Windows\NYUCodebase\HW3\Debug\NYUCodebase.exe" /INCREMENTAL /NOLOGO /LIBPATH:C:\SDL2_mixer\lib\x86 /LIBPATH:C:\SDL2\lib\x86 /LIBPATH:C:\SDL2_image\lib\x86 /LIBPATH:C:\glew\lib\Release\Win32 SDL2.lib SDL2_mixer.lib glew32.lib SDL2main.lib SDL2_image.lib OpenGL32.lib /MANIFEST /MANIFESTUAC:"level='asInvoker' uiAccess='false'" /manifest:embed /DEBUG /PDB:"C:\Users\Alex\Desktop\Intro to game programming\Game-Programming\gameprogramming\project_template\Windows\NYUCodebase\HW3\Debug\NYUCodebase.pdb" /SUBSYSTEM:WINDOWS /TLBID:1 /DYNAMICBASE /NXCOMPAT /IMPLIB:"C:\Users\Alex\Desktop\Intro to game programming\Game-Programming\gameprogramming\project_template\Windows\NYUCodebase\HW3\Debug\NYUCodebase.lib" /MACHINE:X86 Debug\main.obj
         Debug\Matrix.obj
         Debug\ShaderProgram.obj
         NYUCodebase.vcxproj -> C:\Users\Alex\Desktop\Intro to game programming\Game-Programming\gameprogramming\project_template\Windows\NYUCodebase\HW3\Debug\NYUCodebase.exe
     1>Done Building Project "C:\Users\Alex\Desktop\Intro to game programming\Game-Programming\gameprogramming\project_template\Windows\NYUCodebase\HW3\NYUCodebase.vcxproj" (Build target(s)).

Build succeeded.

Time Elapsed 00:00:01.69
